0.37908396946564893
0.4328853754940711
0.4197709923664121
0.3397744360902255
0.3406876790830946
0.1680769230769231
0.43410256410256415
0.5893628808864267
0.21978947368421045
0.25647058823529406
0.39552238805970147
0.33389189189189183
0.3254117647058824
0.37343137254901954
0.45013793103448285
0.42261029411764706
0.2136923076923077
0.33639344262295084
0.3741610738255033
0.4266496163682865
0.45662983425414366
0.1865625
0.4971014492753623
0.43374301675977656
0.49393442622950817
0.2331372549019608
0.41736486486486485
0.4047972972972972
0.1854929577464789
0.4554676258992806
0.28366197183098596
0.43222222222222223
0.4524324324324325
0.3731132075471698
0.39006451612903226
0.2511818181818181
0.2188095238095238
0.2729885057471264
0.39578034682080926
0.43883211678832107
0.45803212851405617
0.34175438596491226
0.5023098591549295
0.43784375
0.3189625360230547
0.32537313432835824
0.1837142857142857
0.4548366013071896
0.39148044692737427
0.2899378881987577
0.364423076923077
0.29105263157894734
0.43443478260869556
0.41595628415300545
0.32280000000000003
0.3619767441860465
0.465187969924812
0.15435714285714286
0.516344537815126
0.4969642857142857
0.39732394366197177
0.4714622641509434
0.3035483870967742
0.3710077519379844
0.3739130434782609
0.1924919093851133
0.32656716417910453
0.3984105960264902
0.39144230769230764
0.3936923076923077
0.34917431192660553
0.31049999999999994
0.2583333333333333
0.2581481481481481
0.38965753424657534
0.4823076923076924
0.34342105263157907
0.4017342342342344
0.39122302158273387
0.5585840707964603
0.37910344827586195
0.4654314720812183
0.4188513513513514
0.42022421524663683
0.46702127659574466
0.4023546511627907
0.2707070707070707
0.36431654676258995
0.37129251700680266
0.47116094986807383
0.4277777777777777
0.5182283464566929
0.5095081967213115
0.4328346456692914
0.4010759493670886
0.17019607843137258
0.3666371681415929
0.3761684782608695
0.41345291479820623
0.35437500000000005
0.2518840579710145
0.437741935483871
0.5573825503355705
0.2519205298013245
0.5210887096774194
0.4176729559748428
0.45907462686567163
0.4294459833795014
0.3449838187702266
0.2526415094339623
0.24380952380952384
0.5111382113821139
0.3711811023622048
0.3313829787234044
0.42111627906976734
0.3086470588235294
0.44991631799163173
0.3986912751677852
0.4869662921348315
0.5283333333333333
0.4339534883720929
0.3582608695652174
0.3636666666666666
0.5163961813842481
0.383803680981595
0.27940000000000004
0.3887050359712231
0.35864285714285715
0.3021739130434783
0.4426344086021505
0.23775510204081635
0.4569298245614035
0.44477815699658707
0.2776068376068376
0.3906410256410257
0.5042465753424658
0.156031746031746
0.2986029411764705
0.3497540983606557
0.432972972972973
0.4576363636363637
0.44151898734177214
0.3902985074626865
0.5627018633540373
0.5245258620689656
0.5021576763485477
0.4147643979057591
0.5036206896551725
0.2823300970873786
0.324020618556701
0.44589333333333336
0.43499999999999994
0.47417910447761197
0.40420560747663553
0.33844036697247704
0.36584905660377354
0.466180904522613
0.3917204301075269
0.43927672955974856
0.3470754716981132
0.4796363636363637
0.49346153846153845
0.4973856209150327
0.44510067114093954
0.303728813559322
0.22109243697478992
0.383739837398374
0.4116279069767441
0.27345794392523365
0.3681415929203539
0.4972
0.20499999999999996
0.33554054054054056
0.46333333333333343
0.4766153846153847
0.43621848739495805
0.2657142857142857
0.4121428571428572
0.390388349514563
0.39186813186813185
0.20209876543209876
0.35294117647058826
0.48088235294117637
0.3293288590604027
0.32096774193548394
0.16764705882352937
0.4478172588832487
0.3677702702702703
0.26230769230769235
0.4372328767123289
0.4482352941176471
0.10362318840579711
0.22707070707070706
0.3440522875816994
0.3591735537190083
0.4454545454545455
0.5201515151515151
0.44981651376146803
0.498152610441767
0.41145945945945944
0.38916666666666666
0.2773737373737374
0.49793333333333334
0.4681879194630872
0.34354545454545443
0.6248404255319149
0.45830303030303027
0.46053097345132743
0.35428571428571426
0.4926086956521739
0.5292999999999999
0.39595092024539874
0.5296929824561404
0.311438127090301
0.3923943661971831
0.2315625
0.5077575757575756
0.1898305084745763
0.49596153846153845
0.5422368421052631
0.46771784232365154
0.49676056338028163
0.3936986301369864
0.46691964285714294
0.3802298850574713
0.34966666666666674
0.34280597014925385
0.4443624161073825
0.4143430656934307
0.5038728323699422
0.49032467532467533
0.29885964912280705
0.49686813186813183
0.5106274509803922
0.2512676056338028
0.33175438596491236
0.48919678714859444
0.17470941883767532
0.41276497695852543
0.2906584362139918
0.37997214484679664
0.5633668341708542
0.4386274509803922
0.45296296296296296
0.42402061855670103
0.26843137254901955
0.19666666666666668
0.4301086956521739
0.35067567567567565
0.21586956521739128
0.28535714285714286
0.20065573770491807
0.2310000000000001
0.18088607594936715
0.4508060453400503
0.3524137931034484
0.4771328671328671
0.3037142857142857
0.49159420289855077
0.46308300395256924
0.4241447368421053
0.48437499999999994
0.36920863309352503
0.3932846715328467
0.24709090909090908
0.2455595667870036
0.3424242424242424
0.4390234375
0.4418400000000001
0.22887499999999997
0.41838095238095235
0.4824516129032257
0.4561111111111111
0.4841428571428571
0.5221940928270042
0.2639516129032258
0.37061855670103094
0.19329268292682925
0.46271523178807955
0.3731617647058823
0.32974489795918366
0.64625
0.4614893617021276
0.2888785046728972
0.5039694656488549
0.17170370370370366
0.4261403508771929
0.22304347826086954
0.3550649350649351
0.46038910505836583
0.35489932885906045
0.4811494252873563
0.21552083333333333
0.40112499999999995
0.24453488372093024
0.42676630434782603
0.43901098901098906
0.4179999999999999
0.35070921985815606
0.29699999999999993
0.4002713178294573
0.44528708133971284
0.40384057971014486
0.5186666666666667
0.4541946308724832
0.5315428571428571
0.4983076923076923
0.4637423312883435
0.19999999999999996
0.48777777777777787
0.24
0.5012068965517242
0.3420833333333334
0.40118483412322276
0.4371641791044776
0.37723076923076926
0.4206363636363637
0.4361403508771929
0.3630651340996169
0.33
0.4340740740740741
0.4736029411764705
0.23237804878048782
0.5443478260869564
0.22052631578947365
0.5359541984732824
0.08396825396825396
0.4263716814159292
0.24917647058823525
0.4768393782383418
0.3564788732394367
0.3956983240223464
0.3977450980392156
0.28151515151515155
0.48130434782608694
0.17450980392156873
0.4379807692307693
0.45585903083700446
0.23830508474576267
0.43993442622950807
0.2728125
0.20228070175438595
0.23510204081632652
0.3827170868347338
0.4634751773049645
0.528
0.5800000000000001
0.4207272727272728
0.49851851851851847
0.39639344262295084
0.3389473684210527
0.38385214007782104
0.45026315789473675
0.34554455445544546
0.45191489361702125
0.4027868852459017
0.551150442477876
0.39424460431654684
0.3726053639846743
0.4782065217391305
0.3725818181818181
0.3470212765957447
0.4131707317073171
0.3658278145695364
0.3603199999999999
0.39850993377483446
0.465
0.36470588235294116
0.4454042553191489
0.4306506849315069
0.18421686746987948
0.3935357142857143
0.44430034129692836
0.16291338582677162
0.3813279132791328
0.4189814814814814
0.4759895833333333
0.41938596491228053
0.20126436781609197
0.26390041493775923
0.3577142857142857
0.3454804270462634
0.3177064220183486
0.2526168224299066
0.33060869565217393
0.3504054054054055
0.4654198473282444
0.48690909090909096
0.4810526315789474
0.4392857142857142
0.28802816901408446
0.26541436464088397
0.40572580645161294
0.3438502673796791
0.5058235294117647
0.48932203389830503
0.44469194312796206
0.5184291187739464
0.43118421052631567
0.42807486631016045
0.11544715447154472
0.3877232142857142
0.4945490981963927
0.42902061855670104
0.40629310344827596
0.24346153846153848
0.3042056074766355
0.47669172932330833
0.45997084548104966
0.3492380952380954
0.4794312796208531
0.5753777777777779
0.498936170212766
0.3321551724137931
0.43006944444444445
0.2820491803278689
0.4388333333333334
0.4389830508474576
0.4962857142857142
0.42907216494845357
0.482
0.20767295597484275
0.4082231404958677
0.26488235294117646
0.47358024691358025
0.3690526315789473
0.4390677966101695
0.2561363636363636
0.4965432098765432
0.3416981132075472
0.498813559322034
0.4418456375838926
0.22113636363636363
0.44870967741935486
0.34401162790697676
0.40391891891891896
0.45270935960591147
0.3939737991266376
0.5593442622950819
0.47722543352601166
0.3688936170212766
0.4095951417004049
0.3035294117647058
0.35897435897435903
0.14337078651685392
0.189375
0.2384
0.30296167247386757
0.4600746268656717
0.45768707482993193
0.45836633663366333
0.5171428571428571
0.34900826446280997
0.4052873563218391
0.4574782608695653
0.12339805825242718
0.4634615384615385
0.4345454545454545
0.3421296296296296
0.3495333333333334
0.4625471698113207
0.3901666666666666
0.3362595419847329
0.32866141732283466
0.42566210045662095
0.39247058823529407
0.3079824561403509
0.3515822784810127
0.52
0.37330357142857146
0.5345930232558139
0.4775438596491227
0.5401633986928104
0.40761194029850745
0.2948333333333333
0.2397872340425532
0.44946564885496193
0.4868468468468469
0.16505882352941176
0.3319354838709678
0.4618954248366014
0.34958333333333336
0.19857142857142857
0.4634814814814815
0.5509139784946236
0.2880612244897959
0.15235294117647058
0.35605504587155967
0.4209090909090908
0.3853333333333333
0.40640394088669957
0.4680995475113122
0.4028488372093023
0.44321839080459774
0.4618253968253969
0.4979393939393939
0.47247999999999996
0.36985436893203877
0.4792397660818713
0.2807843137254902
0.3062385321100917
0.515597014925373
0.4187012987012988
0.40374999999999994
0.3928099173553719
0.4285310734463277
0.41533333333333333
0.43743589743589745
0.4072631578947368
0.3907960199004976
0.418501872659176
0.49878542510121465
0.454375
0.4307482993197279
0.2732291666666667
0.5019834710743801
0.283089430894309
0.525
0.4092567567567568
0.42076086956521735
0.4020245398773007
0.23202702702702702
0.587111111111111
0.145
0.39563380281690136
0.3781188118811881
0.3161538461538462
0.20991304347826087
0.3744767441860465
0.4658474576271186
0.25349514563106784
0.501906976744186
0.34811188811188815
0.32901098901098896
0.4805316973415132
0.5384116331096197
0.41999999999999993
0.2307017543859649
0.3500819672131148
0.4553846153846155
0.4547398843930636
0.459948717948718
0.3844939271255061
0.4761832061068702
0.2955947136563876
0.407463768115942
0.4472653061224489
0.2447222222222222
0.2629885057471264
0.16243589743589745
0.282027027027027
0.4286348122866893
0.4301238390092879
0.43138686131386855
0.3171311475409836
0.4475308641975308
0.18981818181818183
0.3962376237623763
0.479657794676806
0.44466666666666677
0.4061428571428571
0.5102150537634409
0.25128301886792453
0.4087671232876713
0.3149090909090909
0.41648648648648645
0.22283950617283954
0.5212875536480687
0.531025641025641
0.4503314917127072
0.5213265306122449
0.5383064516129032
0.5142857142857143
0.349765625
0.41486666666666666
0.4535135135135135
0.4756296296296297
0.25463768115942026
0.31863874345549736
0.5349537037037035
0.3030434782608696
0.351921568627451
0.3298
0.34780701754385973
0.45678466076696167
0.18276595744680854
0.4085534591194968
0.32420512820512826
0.3679999999999999
0.33504065040650416
0.3820224719101123
0.2540677966101694
0.38260188087774294
0.32008695652173913
0.29790476190476184
0.5221596244131456
0.41553030303030297
0.35200000000000004
0.4491390728476821
0.3985567010309279
0.4850434782608696
0.3642857142857144
0.47203980099502485
0.3472727272727273
0.33594594594594596
0.47918750000000004
0.42838297872340425
0.2899122807017544
0.42871794871794866
0.3016568047337278
0.4427567567567568
0.4291743119266056
0.46701492537313427
0.45068345323741
0.5290086206896552
0.4147619047619047
0.31609756097560965
0.5343617021276595
0.4168421052631578
0.496031746031746
0.25862068965517243
0.5096875000000001
0.47771929824561404
0.37509186351706036
0.4115245478036175
0.439296875
0.40886363636363626
0.2183333333333333
0.5133644859813085
0.46827906976744194
0.45633802816901403
0.2888636363636364
0.4119148936170213
0.4648019801980198
0.2553398058252426
0.10300000000000001
0.38650485436893206
0.4897272727272728
0.4453658536585366
0.33555844155844156
0.3445794392523365
0.4304054054054054
0.16672413793103452
0.4781578947368421
0.3263448275862069
0.3724603174603175
0.48379821958456964
0.3133035714285714
0.4628571428571429
0.43315217391304345
0.5368229166666667
0.5057894736842106
0.318943661971831
0.5435222672064777
0.4034705882352941
0.42846534653465357
0.2645098039215686
0.4372592592592593
0.39842443729903537
0.42191011235955045
0.40401913875598067
0.33875
0.32778409090909094
0.2826470588235294
0.3857792207792208
0.21150943396226413
0.5266666666666666
0.45873949579831946
0.3629530201342282
0.5596491228070176
0.30975
0.5008250825082508
0.47913043478260875
0.28661016949152546
0.3511920529801323
0.367303664921466
0.4060526315789473
0.3802399999999999
0.32614457831325305
0.41015625
0.3196875
0.352448132780083
0.4848920863309353
0.3970940170940171
0.491624203821656
0.394746835443038
0.10208695652173912
0.45118110236220477
0.41509677419354846
0.3596551724137931
0.3413829787234043
0.1294915254237288
0.37546762589928057
0.3824468085106383
0.19546511627906973
0.38798319327731084
0.29684931506849305
0.4415753424657535
0.41924999999999996
0.6164893617021276
0.2642201834862386
0.38528497409326434
0.12442708333333333
0.4591187739463601
0.3036651583710407
0.3495535714285713
0.40635983263598335
0.23705128205128204
0.41859504132231407
0.5158715596330276
0.1754368932038835
0.18547368421052635
0.452972972972973
0.3255905511811023
0.30225352112676057
0.4472185430463576
0.39384615384615396
0.44229885057471274
0.52
0.43618181818181817
0.36995000000000006
0.3472897196261682
0.34189944134078204
0.4422222222222221
0.4389333333333334
0.2631417624521073
0.41800000000000004
0.4197037037037037
0.4342696629213483
0.5475735294117647
0.31367977528089885
0.3366447368421052
0.4629268292682927
0.37819672131147536
0.37571428571428567
0.37109243697479
0.28050359712230216
0.4033333333333334
0.38816326530612244
0.3530232558139535
0.21231481481481476
0.4610759493670885
0.45174757281553396
0.46486301369863015
0.5005434782608696
0.2546428571428571
0.4595477386934674
0.4057723577235772
0.4057668711656442
0.4426732673267327
0.5139896373056996
0.4707194244604316
0.36364705882352943
0.2375200000000001
0.39181208053691274
0.39963855421686745
0.4666009852216749
0.40405660377358493
0.31839999999999996
0.2752517985611511
0.18282608695652172
0.4191666666666667
0.4403018867924529
0.41480620155038744
0.26571428571428574
0.48037974683544316
0.5143589743589743
0.3231451612903226
0.5165367965367965
0.22556962025316454
0.29384615384615376
0.4361006289308176
0.4735068493150685
0.4961061946902654
0.390093023255814
0.2773684210526316
0.20086956521739133
0.48148471615720523
0.5284489795918368
0.27564705882352936
0.3470731707317073
0.1372941176470588
0.4411071428571429
0.34494680851063825
0.3717741935483872
0.3666666666666667
0.3631058020477815
0.49507246376811603
0.45423188405797105
0.281038961038961
0.15222222222222218
0.4745045045045045
0.49276923076923074
0.295
0.46947154471544716
0.22061224489795916
0.5046078431372549
0.3897865853658537
0.3716216216216216
0.40628378378378377
0.4409375
0.35268
0.22079365079365082
0.49930232558139537
0.42058997050147495
0.45644444444444454
0.5719503546099289
0.32246031746031745
0.28194029850746266
0.36076923076923073
0.3735833333333333
0.3920930232558139
0.4269090909090908
0.42113445378151254
0.44161290322580643
0.41234636871508384
0.43207407407407417
0.4609139784946237
0.5545930232558138
0.25383561643835617
0.43732217573221754
0.38795081967213124
0.36458823529411766
0.412084690553746
0.29927272727272725
0.45912350597609547
0.4822413793103448
0.39213114754098355
0.3393681318681319
0.2539130434782608
0.43913265306122445
0.4418749999999999
0.4524409448818898
0.29684210526315785
0.4274180327868853
0.5722758620689655
0.5049308755760369
0.29068376068376056
0.25120000000000003
0.3526744186046512
0.49237942122186495
0.42616883116883114
0.3038028169014084
0.4188095238095238
0.33592233009708733
0.40159999999999996
0.31623015873015875
0.4336024844720496
0.24599999999999997
0.40015384615384614
0.3
0.41570342205323185
0.2683653846153846
0.24710843373493976
0.3235064935064936
0.4589732142857143
0.34484304932735427
0.4219117647058824
0.3001538461538461
0.3190178571428572
0.3334254143646408
0.5211188811188812
0.17613636363636367
0.4834319526627219
0.5064313725490197
0.42613207547169824
0.45476923076923087
0.5697506234413964
0.42304093567251455
0.4428333333333333
0.2523684210526315
0.3629953917050691
0.25544303797468354
0.3765999999999999
0.45312883435582824
0.47875912408759114
0.43118181818181817
0.3608510638297872
0.1890780141843972
0.4262765957446809
0.19708737864077672
0.4153658536585366
0.28032967032967027
0.46297794117647056
0.3432876712328766
0.41065015479876155
0.4810552763819096
0.2136263736263736
0.42537313432835816
0.5224734982332155
0.39724409448818904
0.47244252873563214
0.4164341085271316
0.23457364341085266
0.235
0.3304123711340206
0.37135922330097093
0.20249999999999996
0.3848305084745763
0.46473214285714287
0.4072485207100593
0.3309090909090908
0.5055633802816901
0.3418289085545724
0.31331325301204815
0.4402564102564104
0.4703111111111112
0.32791411042944785
0.26
0.4212169312169312
0.3554285714285714
0.443122270742358
0.2494418604651163
0.4677960526315789
0.2178048780487805
0.4519827586206897
0.39161764705882357
0.41685840707964594
0.4093
0.21125
0.46696202531645553
0.4179094076655053
0.3624431818181818
0.40381818181818185
0.37486486486486487
0.35005813953488363
0.4952
0.19068965517241382
0.39191304347826084
0.46763565891472864
0.2393939393939394
0.27666666666666667
0.4305128205128204
0.413888888888889
0.30793478260869567
0.4517948717948718
0.40610576923076924
0.4613793103448276
0.2800602409638555
0.34603133159268934
0.3778378378378379
0.3616666666666667
0.47859999999999997
0.23200000000000004
0.45833333333333337
0.34184931506849303
0.44953125
0.5116091954022989
0.4517857142857144
0.390390625
0.4951428571428572
0.2894444444444444
0.4457575757575758
0.398235294117647
0.5178794178794178
0.45740000000000003
0.271225806451613
0.3662086513994911
0.4371825396825397
0.5610160427807488
0.363581081081081
0.3602887139107611
0.26190476190476186
0.3673548387096774
0.412063492063492
0.3105813953488373
0.36661417322834644
0.34020833333333333
0.32005813953488377
0.34885416666666663
0.4759868421052632
0.42775862068965526
0.4087804878048781
0.4266257668711657
0.38777777777777783
0.47432835820895514
0.2438888888888889
0.2889090909090909
0.2514166666666667
0.24827160493827158
0.39651583710407245
0.4278321678321678
0.3219298245614035
0.35996138996139004
0.4919166666666666
0.2691228070175439
0.609324894514768
0.5160869565217391
0.1422661870503597
0.45440816326530625
0.44153526970954365
0.5067164179104477
0.43266666666666664
0.4796296296296296
0.43120300751879703
0.5451282051282051
0.4150000000000001
0.45190909090909087
0.29865470852017934
0.5093227091633465
0.4800595238095239
0.3206529209621993
0.4737866666666667
0.19785714285714284
0.13898678414096916
0.3727586206896552
0.3272727272727273
0.5243529411764706
0.435948275862069
0.4313636363636364
0.40753488372093033
0.33696774193548384
0.436574074074074
0.16177777777777777
0.38265517241379304
0.38716312056737595
0.573265306122449
0.46468253968253975
0.46303797468354424
0.39668571428571425
0.4606079027355623
0.46652482269503553
0.47504807692307693
0.43196319018404916
0.22833333333333333
0.08392405063291142
0.41909090909090907
0.14065217391304347
0.41026763990267634
0.3331746031746032
0.516319018404908
0.3804929577464789
0.2563888888888889
0.4911724137931035
0.38905063291139236
0.533076923076923
0.48349206349206353
0.3444545454545455
0.41050314465408805
0.4345454545454545
0.36357142857142855
0.5129523809523809
0.35404761904761906
0.39915966386554635
0.4522463768115943
0.23946808510638298
0.27344444444444443
0.3702238805970149
0.3679646017699115
0.39371681415929205
0.5159880239520958
0.3948161764705883
0.11699999999999998
0.26145299145299145
0.34584745762711866
0.4075722543352602
0.45696666666666674
0.4850000000000001
0.4436893203883494
0.367890625
0.4107936507936508
0.2604385964912281
0.3357948717948717
0.49
0.3328658536585365
0.5176470588235295
0.37739726027397247
0.4574561403508771
0.20523076923076922
0.5069264069264069
0.4333986928104576
0.3056097560975609
0.45484375
0.4504513888888889
0.5840566037735848
0.14205357142857142
0.5410743801652892
0.22770491803278695
0.4238582677165356
0.44120192307692313
0.4691194968553459
0.1479661016949153
0.5123076923076922
0.45304597701149424
0.47169811320754707
0.5307440476190477
0.37145348837209313
0.3935947712418302
0.20762711864406774
0.40285714285714286
0.4057894736842105
0.38544247787610625
0.45655
0.4349818181818182
0.4061176470588236
0.36817829457364326
0.41555555555555557
0.3717307692307692
0.40080357142857154
0.40651715039577835
0.4009818181818182
0.3661488673139159
0.17306451612903223
0.44921052631578945
0.32327586206896564
0.447063829787234
0.3879674796747967
0.4520657276995306
0.40786885245901644
0.22006993006993006
0.3863559322033899
0.4115235457063712
0.4950617283950618
0.33186046511627915
0.262015503875969
0.13764044943820222
0.36883333333333335
0.37973856209150336
0.38350877192982447
0.316096256684492
