0.23612244897959184
0.3630927835051547
0.30499999999999994
0.3407518796992482
0.30394736842105263
0.3438181818181818
0.31688524590163936
0.25511111111111107
0.20109890109890105
0.4287179487179489
0.5015217391304349
0.4181666666666666
0.16299212598425197
0.22675
0.19272727272727275
0.33508108108108103
0.5120325203252033
0.3965882352941177
0.29969230769230765
0.3111666666666667
0.3098333333333333
0.3741860465116279
0.3701923076923077
0.4164814814814814
0.45927536231884064
0.476074074074074
0.21283018867924525
0.33994791666666674
0.3200793650793651
0.209375
0.3117725752508361
0.35020833333333334
0.4557264957264958
0.47350877192982455
0.24619047619047618
0.29514285714285704
0.2536956521739131
0.4750381679389314
0.5905555555555555
0.4969642857142857
0.3315789473684211
0.5005785123966943
0.319731182795699
0.16599999999999998
0.46267973856209155
0.2714285714285714
0.25336363636363635
0.3384931506849314
0.34141891891891896
0.5365957446808509
0.2783760683760683
0.37152631578947365
0.27505747126436786
0.32614457831325294
0.1504285714285714
0.3495569620253165
0.2834545454545454
0.3422368421052632
0.2527118644067796
0.23021739130434782
0.3717391304347826
0.24829931972789113
0.30370967741935484
0.10565217391304348
0.3528333333333334
0.4891538461538463
0.2648837209302326
0.390718954248366
0.3349999999999999
0.328469387755102
0.27822429906542057
0.28154471544715454
0.2700980392156862
0.4136627906976744
0.48079365079365083
0.3311702127659575
0.3326582278481012
0.25908045977011496
0.37735632183908047
0.5341999999999999
0.2973913043478261
0.2625174825174825
0.22475409836065574
0.2025925925925926
0.3473394495412844
0.2462962962962963
0.41899371069182384
0.17683544303797474
0.26313725490196077
0.32688311688311683
0.3359354838709677
0.14304347826086958
0.2543181818181818
0.2866326530612245
0.5810101010101011
0.34917355371900827
0.4321167883211679
0.29284210526315785
0.2408
0.2423846153846154
0.2077118644067796
0.2012037037037037
0.29575
