0.2602298850574713
0.24255319148936175
0.42375
0.6198936170212765
0.29927536231884055
0.23675000000000004
0.27529411764705874
0.26753246753246746
0.49717391304347835
0.3903529411764706
0.37754098360655725
0.28492957746478875
0.3848314606741573
0.31894736842105265
0.5885555555555554
0.26894736842105255
0.29684210526315785
0.325
0.2748571428571428
0.2781818181818182
0.5325
0.2729166666666667
0.1624358974358974
0.34947916666666673
0.4643037974683544
0.32594936708860767
0.2540677966101695
0.4976811594202899
0.3198780487804877
0.3963076923076924
0.23694915254237284
0.36690721649484537
0.11416666666666667
0.32311688311688314
0.2888775510204082
0.3103333333333333
0.43065217391304345
0.37827586206896563
0.2507954545454545
0.4860919540229885
0.22630434782608697
0.23581632653061224
0.2346
0.4975581395348837
0.24924050632911393
0.5449999999999999
0.24777777777777776
0.38549999999999995
0.3334020618556701
0.5046268656716417
0.40185567010309275
0.210625
0.5351063829787234
0.36449275362318845
0.503015873015873
0.5252941176470588
0.3426415094339623
0.17518987341772152
0.1044927536231884
0.19670329670329664
0.36764705882352944
0.45859154929577456
0.2604545454545454
0.16764705882352943
0.3626744186046512
0.2577647058823529
0.64640625
0.3875510204081633
0.14217391304347823
0.3015384615384615
0.44216666666666676
0.25413043478260866
0.19065217391304345
0.288135593220339
0.20160493827160497
0.33344262295081967
0.34950000000000003
0.23052631578947363
0.5106451612903226
0.20107142857142857
0.19
0.49200000000000005
0.29913043478260865
0.25944444444444437
0.20981132075471698
0.22612500000000002
0.36714285714285716
0.5776767676767678
0.44000000000000006
0.32951807228915664
0.34986486486486484
0.23378378378378384
0.43054347826086947
0.34561643835616424
