0.4134999999999999
0.3503658536585366
0.3867701863354036
0.47593220338983044
0.47204379562043797
0.47470588235294126
0.433265306122449
0.4667088607594937
0.4515037593984962
0.39226190476190476
0.5223255813953489
0.38499999999999995
0.4601612903225807
0.3331958762886598
0.4682203389830509
0.4114925373134329
0.4048412698412698
0.38743421052631566
0.42710843373493973
0.4674829931972788
0.3991338582677166
0.4750561797752809
0.487421875
0.5543373493975903
0.47973509933774844
0.5876829268292681
0.4896226415094339
0.49862745098039213
0.4660736196319018
0.3609999999999999
0.3865151515151515
0.3735897435897437
0.38853932584269657
0.4723668639053254
0.4570860927152319
0.5591017964071857
0.4105050505050504
0.5110126582278481
0.3374556213017752
0.45205673758865245
0.42390243902439023
0.4580519480519481
0.4805263157894737
0.3672413793103448
0.34558620689655184
0.4455555555555555
0.3785470085470085
0.3890588235294117
0.38470149253731334
0.4698265895953757
